whatever log messages
#
CarV:   8.33 m/s
AmbientT:   27 C
AmbientP:   1.013 bar
#
some other output
some other output
some other output
some other output
some other output
    HX            Tin[c]                  Tout[c]         meanV[m/s]
CONDENSER         33.5                    43.7              2.4
RADIATOR         49.4                     83.4              2.0
CAC             29.8                      44.9              1.7
ATOC            45.4                    69.5                1.6
some other output
some other output
some other output
MAX WALLT [K]
rubber_joint  : 385
tank_top : 350
some other output
some other output
